<?xml version="1.0" encoding="UTF-8"?>
<robot generator="Robot 4.0.3 (Python 3.8.10 on win32)" generated="20210727 08:47:42.033" rpa="false" schemaversion="2">
<suite id="s1" name="Main" source="C:\Users\joan.arevalo\Documents\Testing\TRAINING\Pruebas\proyectos\testcase\main.robot">
<test id="s1-t1" name="Prueba 1">
<kw name="Check Input Data Row Count" library="excel.module">
<kw name="Open Excel Document" library="ExcelLibrary">
<arg>${DATAFILE}</arg>
<arg>doc1</arg>
<doc>Opens xlsx document file.</doc>
<status status="PASS" starttime="20210727 08:47:42.462" endtime="20210727 08:47:42.474"/>
</kw>
<kw name="Count Row" library="ExcelLibrary">
<var>${UsedRow}</var>
<arg>form3</arg>
<doc>Getting row count.</doc>
<msg timestamp="20210727 08:47:42.475" level="INFO">${UsedRow} = 3</msg>
<status status="PASS" starttime="20210727 08:47:42.475" endtime="20210727 08:47:42.475"/>
</kw>
<kw name="Log To Console" library="BuiltIn">
<arg>${UsedRow}</arg>
<arg>Cuenta las Filas</arg>
<doc>Logs the given message to the console.</doc>
<status status="PASS" starttime="20210727 08:47:42.475" endtime="20210727 08:47:42.475"/>
</kw>
<kw name="Set Variable" library="BuiltIn">
<var>${MaxRange}</var>
<arg>${UsedRow}</arg>
<doc>Returns the given values which can then be assigned to a variables.</doc>
<msg timestamp="20210727 08:47:42.476" level="INFO">${MaxRange} = 3</msg>
<status status="PASS" starttime="20210727 08:47:42.476" endtime="20210727 08:47:42.476"/>
</kw>
<kw name="Log To Console" library="BuiltIn">
<arg>${MaxRange}</arg>
<arg>Asigna la variable UsedRow</arg>
<doc>Logs the given message to the console.</doc>
<status status="PASS" starttime="20210727 08:47:42.476" endtime="20210727 08:47:42.477"/>
</kw>
<kw name="Evaluate" library="BuiltIn">
<var>${MaxRange}</var>
<arg>${MaxRange}+1</arg>
<doc>Evaluates the given expression in Python and returns the result.</doc>
<msg timestamp="20210727 08:47:42.477" level="INFO">${MaxRange} = 4</msg>
<status status="PASS" starttime="20210727 08:47:42.477" endtime="20210727 08:47:42.477"/>
</kw>
<kw name="Log To Console" library="BuiltIn">
<arg>${MaxRange}</arg>
<arg>le da un mas 1 a la variable MaxRange</arg>
<doc>Logs the given message to the console.</doc>
<status status="PASS" starttime="20210727 08:47:42.477" endtime="20210727 08:47:42.478"/>
</kw>
<kw name="Set Suite Variable" library="BuiltIn">
<arg>${MaxRange}</arg>
<doc>Makes a variable available everywhere within the scope of the current suite.</doc>
<msg timestamp="20210727 08:47:42.478" level="INFO">${MaxRange} = 4</msg>
<status status="PASS" starttime="20210727 08:47:42.478" endtime="20210727 08:47:42.478"/>
</kw>
<kw name="Evaluate" library="BuiltIn">
<var>${UsedRow}</var>
<arg>${UsedRow}-1</arg>
<doc>Evaluates the given expression in Python and returns the result.</doc>
<msg timestamp="20210727 08:47:42.479" level="INFO">${UsedRow} = 2</msg>
<status status="PASS" starttime="20210727 08:47:42.478" endtime="20210727 08:47:42.479"/>
</kw>
<kw name="Set Suite Variable" library="BuiltIn">
<arg>${UsedRow}</arg>
<doc>Makes a variable available everywhere within the scope of the current suite.</doc>
<msg timestamp="20210727 08:47:42.479" level="INFO">${UsedRow} = 2</msg>
<status status="PASS" starttime="20210727 08:47:42.479" endtime="20210727 08:47:42.479"/>
</kw>
<kw name="Log To Console" library="BuiltIn">
<arg>Input Data Row Count: ${UsedRow}</arg>
<doc>Logs the given message to the console.</doc>
<status status="PASS" starttime="20210727 08:47:42.479" endtime="20210727 08:47:42.480"/>
</kw>
<kw name="Save Excel Document" library="ExcelLibrary">
<arg>${DATAFILE}</arg>
<doc>Saves the current document to disk.</doc>
<status status="PASS" starttime="20210727 08:47:42.480" endtime="20210727 08:47:42.509"/>
</kw>
<kw name="Close Current Excel Document" library="ExcelLibrary">
<doc>Closes current document.</doc>
<status status="PASS" starttime="20210727 08:47:42.510" endtime="20210727 08:47:42.510"/>
</kw>
<status status="PASS" starttime="20210727 08:47:42.461" endtime="20210727 08:47:42.510"/>
</kw>
<for flavor="IN RANGE">
<var>${index}</var>
<value>2</value>
<value>${MaxRange}</value>
<iter>
<var name="${index}">2</var>
<kw name="Set Suite Variable" library="BuiltIn">
<arg>${index}</arg>
<doc>Makes a variable available everywhere within the scope of the current suite.</doc>
<msg timestamp="20210727 08:47:42.511" level="INFO">${index} = 2</msg>
<status status="PASS" starttime="20210727 08:47:42.511" endtime="20210727 08:47:42.511"/>
</kw>
<kw name="Abrir navegador" library="common">
<kw name="Open Browser" library="SeleniumLibrary">
<arg>${_url}</arg>
<arg>${_navegador}</arg>
<doc>Opens a new browser instance to the optional ``url``.</doc>
<msg timestamp="20210727 08:47:42.512" level="INFO">Opening browser 'chrome' to base url 'https://www.seleniumeasy.com/test/bootstrap-alert-messages-demo.html'.</msg>
<status status="PASS" starttime="20210727 08:47:42.511" endtime="20210727 08:47:46.665"/>
</kw>
<kw name="Maximize Browser Window" library="SeleniumLibrary">
<doc>Maximizes current browser window.</doc>
<status status="PASS" starttime="20210727 08:47:46.665" endtime="20210727 08:47:46.786"/>
</kw>
<status status="PASS" starttime="20210727 08:47:42.511" endtime="20210727 08:47:46.787"/>
</kw>
<kw name="Read Input Data" library="excel.module">
<doc>_*SUMMARY:*_
Open, read and write files in excel format</doc>
<kw name="Open Excel Document" library="ExcelLibrary">
<arg>${DATAFILE}</arg>
<arg>doc1</arg>
<doc>Opens xlsx document file.</doc>
<status status="PASS" starttime="20210727 08:47:46.787" endtime="20210727 08:47:46.800"/>
</kw>
<kw name="Read Excel Cell" library="ExcelLibrary">
<var>${_nombre}</var>
<arg>${index}</arg>
<arg>1</arg>
<arg>form3</arg>
<doc>Returns content of a cell.</doc>
<msg timestamp="20210727 08:47:46.801" level="INFO">${_nombre} = Jorge</msg>
<status status="PASS" starttime="20210727 08:47:46.800" endtime="20210727 08:47:46.801"/>
</kw>
<kw name="Set Suite Variable" library="BuiltIn">
<arg>${_nombre}</arg>
<doc>Makes a variable available everywhere within the scope of the current suite.</doc>
<msg timestamp="20210727 08:47:46.801" level="INFO">${_nombre} = Jorge</msg>
<status status="PASS" starttime="20210727 08:47:46.801" endtime="20210727 08:47:46.801"/>
</kw>
<kw name="Read Excel Cell" library="ExcelLibrary">
<var>${_apellido}</var>
<arg>${index}</arg>
<arg>2</arg>
<arg>form3</arg>
<doc>Returns content of a cell.</doc>
<msg timestamp="20210727 08:47:46.802" level="INFO">${_apellido} = Huertas</msg>
<status status="PASS" starttime="20210727 08:47:46.801" endtime="20210727 08:47:46.802"/>
</kw>
<kw name="Set Suite Variable" library="BuiltIn">
<arg>${_apellido}</arg>
<doc>Makes a variable available everywhere within the scope of the current suite.</doc>
<msg timestamp="20210727 08:47:46.802" level="INFO">${_apellido} = Huertas</msg>
<status status="PASS" starttime="20210727 08:47:46.802" endtime="20210727 08:47:46.802"/>
</kw>
<kw name="Read Excel Cell" library="ExcelLibrary">
<var>${_email}</var>
<arg>${index}</arg>
<arg>3</arg>
<arg>form3</arg>
<doc>Returns content of a cell.</doc>
<msg timestamp="20210727 08:47:46.803" level="INFO">${_email} = jorge.huertas@neoris.com</msg>
<status status="PASS" starttime="20210727 08:47:46.802" endtime="20210727 08:47:46.803"/>
</kw>
<kw name="Set Suite Variable" library="BuiltIn">
<arg>${_email}</arg>
<doc>Makes a variable available everywhere within the scope of the current suite.</doc>
<msg timestamp="20210727 08:47:46.803" level="INFO">${_email} = jorge.huertas@neoris.com</msg>
<status status="PASS" starttime="20210727 08:47:46.803" endtime="20210727 08:47:46.803"/>
</kw>
<kw name="Read Excel Cell" library="ExcelLibrary">
<var>${_telefono}</var>
<arg>${index}</arg>
<arg>4</arg>
<arg>form3</arg>
<doc>Returns content of a cell.</doc>
<msg timestamp="20210727 08:47:46.804" level="INFO">${_telefono} = 3192564377</msg>
<status status="PASS" starttime="20210727 08:47:46.803" endtime="20210727 08:47:46.804"/>
</kw>
<kw name="Set Suite Variable" library="BuiltIn">
<arg>${_telefono}</arg>
<doc>Makes a variable available everywhere within the scope of the current suite.</doc>
<msg timestamp="20210727 08:47:46.805" level="INFO">${_telefono} = 3192564377</msg>
<status status="PASS" starttime="20210727 08:47:46.804" endtime="20210727 08:47:46.805"/>
</kw>
<kw name="Read Excel Cell" library="ExcelLibrary">
<var>${_direccion}</var>
<arg>${index}</arg>
<arg>5</arg>
<arg>form3</arg>
<doc>Returns content of a cell.</doc>
<msg timestamp="20210727 08:47:46.805" level="INFO">${_direccion} = Calle 130 d 124 - 24</msg>
<status status="PASS" starttime="20210727 08:47:46.805" endtime="20210727 08:47:46.805"/>
</kw>
<kw name="Set Suite Variable" library="BuiltIn">
<arg>${_direccion}</arg>
<doc>Makes a variable available everywhere within the scope of the current suite.</doc>
<msg timestamp="20210727 08:47:46.806" level="INFO">${_direccion} = Calle 130 d 124 - 24</msg>
<status status="PASS" starttime="20210727 08:47:46.806" endtime="20210727 08:47:46.806"/>
</kw>
<kw name="Read Excel Cell" library="ExcelLibrary">
<var>${_ciudad}</var>
<arg>${index}</arg>
<arg>6</arg>
<arg>form3</arg>
<doc>Returns content of a cell.</doc>
<msg timestamp="20210727 08:47:46.807" level="INFO">${_ciudad} = Bogota</msg>
<status status="PASS" starttime="20210727 08:47:46.806" endtime="20210727 08:47:46.807"/>
</kw>
<kw name="Set Suite Variable" library="BuiltIn">
<arg>${_ciudad}</arg>
<doc>Makes a variable available everywhere within the scope of the current suite.</doc>
<msg timestamp="20210727 08:47:46.807" level="INFO">${_ciudad} = Bogota</msg>
<status status="PASS" starttime="20210727 08:47:46.807" endtime="20210727 08:47:46.807"/>
</kw>
<kw name="Read Excel Cell" library="ExcelLibrary">
<var>${_codigo_postal}</var>
<arg>${index}</arg>
<arg>7</arg>
<arg>form3</arg>
<doc>Returns content of a cell.</doc>
<msg timestamp="20210727 08:47:46.808" level="INFO">${_codigo_postal} = 11001</msg>
<status status="PASS" starttime="20210727 08:47:46.807" endtime="20210727 08:47:46.808"/>
</kw>
<kw name="Set Suite Variable" library="BuiltIn">
<arg>${_codigo_postal}</arg>
<doc>Makes a variable available everywhere within the scope of the current suite.</doc>
<msg timestamp="20210727 08:47:46.808" level="INFO">${_codigo_postal} = 11001</msg>
<status status="PASS" starttime="20210727 08:47:46.808" endtime="20210727 08:47:46.808"/>
</kw>
<kw name="Read Excel Cell" library="ExcelLibrary">
<var>${_dominio}</var>
<arg>${index}</arg>
<arg>8</arg>
<arg>form3</arg>
<doc>Returns content of a cell.</doc>
<msg timestamp="20210727 08:47:46.810" level="INFO">${_dominio} = https://demoqa.com/automation-practice-form</msg>
<status status="PASS" starttime="20210727 08:47:46.809" endtime="20210727 08:47:46.810"/>
</kw>
<kw name="Set Suite Variable" library="BuiltIn">
<arg>${_dominio}</arg>
<doc>Makes a variable available everywhere within the scope of the current suite.</doc>
<msg timestamp="20210727 08:47:46.810" level="INFO">${_dominio} = https://demoqa.com/automation-practice-form</msg>
<status status="PASS" starttime="20210727 08:47:46.810" endtime="20210727 08:47:46.810"/>
</kw>
<kw name="Read Excel Cell" library="ExcelLibrary">
<var>${_descripcion}</var>
<arg>${index}</arg>
<arg>9</arg>
<arg>form3</arg>
<doc>Returns content of a cell.</doc>
<msg timestamp="20210727 08:47:46.810" level="INFO">${_descripcion} = Capacitacion robot</msg>
<status status="PASS" starttime="20210727 08:47:46.810" endtime="20210727 08:47:46.811"/>
</kw>
<kw name="Set Suite Variable" library="BuiltIn">
<arg>${_descripcion}</arg>
<doc>Makes a variable available everywhere within the scope of the current suite.</doc>
<msg timestamp="20210727 08:47:46.811" level="INFO">${_descripcion} = Capacitacion robot</msg>
<status status="PASS" starttime="20210727 08:47:46.811" endtime="20210727 08:47:46.811"/>
</kw>
<kw name="Read Excel Cell" library="ExcelLibrary">
<var>${_mensaje}</var>
<arg>${index}</arg>
<arg>1</arg>
<arg>form</arg>
<doc>Returns content of a cell.</doc>
<msg timestamp="20210727 08:47:46.811" level="INFO">${_mensaje} = hola mundo</msg>
<status status="PASS" starttime="20210727 08:47:46.811" endtime="20210727 08:47:46.811"/>
</kw>
<kw name="Set Suite Variable" library="BuiltIn">
<arg>${_mensaje}</arg>
<doc>Makes a variable available everywhere within the scope of the current suite.</doc>
<msg timestamp="20210727 08:47:46.811" level="INFO">${_mensaje} = hola mundo</msg>
<status status="PASS" starttime="20210727 08:47:46.811" endtime="20210727 08:47:46.811"/>
</kw>
<kw name="Read Excel Cell" library="ExcelLibrary">
<var>${_entrada_a}</var>
<arg>${index}</arg>
<arg>2</arg>
<arg>form</arg>
<doc>Returns content of a cell.</doc>
<msg timestamp="20210727 08:47:46.811" level="INFO">${_entrada_a} = 5</msg>
<status status="PASS" starttime="20210727 08:47:46.811" endtime="20210727 08:47:46.812"/>
</kw>
<kw name="Set Suite Variable" library="BuiltIn">
<arg>${_entrada_a}</arg>
<doc>Makes a variable available everywhere within the scope of the current suite.</doc>
<msg timestamp="20210727 08:47:46.812" level="INFO">${_entrada_a} = 5</msg>
<status status="PASS" starttime="20210727 08:47:46.812" endtime="20210727 08:47:46.812"/>
</kw>
<kw name="Read Excel Cell" library="ExcelLibrary">
<var>${_entrada_b}</var>
<arg>${index}</arg>
<arg>3</arg>
<arg>form</arg>
<doc>Returns content of a cell.</doc>
<msg timestamp="20210727 08:47:46.812" level="INFO">${_entrada_b} = 5</msg>
<status status="PASS" starttime="20210727 08:47:46.812" endtime="20210727 08:47:46.812"/>
</kw>
<kw name="Set Suite Variable" library="BuiltIn">
<arg>${_entrada_b}</arg>
<doc>Makes a variable available everywhere within the scope of the current suite.</doc>
<msg timestamp="20210727 08:47:46.813" level="INFO">${_entrada_b} = 5</msg>
<status status="PASS" starttime="20210727 08:47:46.812" endtime="20210727 08:47:46.813"/>
</kw>
<kw name="Read Excel Cell" library="ExcelLibrary">
<var>${_male}</var>
<arg>${index}</arg>
<arg>1</arg>
<arg>radio</arg>
<doc>Returns content of a cell.</doc>
<msg timestamp="20210727 08:47:46.813" level="INFO">${_male} = Male</msg>
<status status="PASS" starttime="20210727 08:47:46.813" endtime="20210727 08:47:46.813"/>
</kw>
<kw name="Set Suite Variable" library="BuiltIn">
<arg>${_male}</arg>
<doc>Makes a variable available everywhere within the scope of the current suite.</doc>
<msg timestamp="20210727 08:47:46.814" level="INFO">${_male} = Male</msg>
<status status="PASS" starttime="20210727 08:47:46.813" endtime="20210727 08:47:46.814"/>
</kw>
<kw name="Read Excel Cell" library="ExcelLibrary">
<var>${_female}</var>
<arg>${index}</arg>
<arg>1</arg>
<arg>radio</arg>
<doc>Returns content of a cell.</doc>
<msg timestamp="20210727 08:47:46.814" level="INFO">${_female} = Male</msg>
<status status="PASS" starttime="20210727 08:47:46.814" endtime="20210727 08:47:46.814"/>
</kw>
<kw name="Set Suite Variable" library="BuiltIn">
<arg>${_female}</arg>
<doc>Makes a variable available everywhere within the scope of the current suite.</doc>
<msg timestamp="20210727 08:47:46.814" level="INFO">${_female} = Male</msg>
<status status="PASS" starttime="20210727 08:47:46.814" endtime="20210727 08:47:46.814"/>
</kw>
<kw name="Read Excel Cell" library="ExcelLibrary">
<var>${_0a5}</var>
<arg>${index}</arg>
<arg>2</arg>
<arg>radio</arg>
<doc>Returns content of a cell.</doc>
<msg timestamp="20210727 08:47:46.815" level="INFO">${_0a5} = 0 - 5</msg>
<status status="PASS" starttime="20210727 08:47:46.814" endtime="20210727 08:47:46.815"/>
</kw>
<kw name="Set Suite Variable" library="BuiltIn">
<arg>${_0a5}</arg>
<doc>Makes a variable available everywhere within the scope of the current suite.</doc>
<msg timestamp="20210727 08:47:46.815" level="INFO">${_0a5} = 0 - 5</msg>
<status status="PASS" starttime="20210727 08:47:46.815" endtime="20210727 08:47:46.815"/>
</kw>
<kw name="Read Excel Cell" library="ExcelLibrary">
<var>${_5a15}</var>
<arg>${index}</arg>
<arg>2</arg>
<arg>radio</arg>
<doc>Returns content of a cell.</doc>
<msg timestamp="20210727 08:47:46.815" level="INFO">${_5a15} = 0 - 5</msg>
<status status="PASS" starttime="20210727 08:47:46.815" endtime="20210727 08:47:46.815"/>
</kw>
<kw name="Set Suite Variable" library="BuiltIn">
<arg>${_5a15}</arg>
<doc>Makes a variable available everywhere within the scope of the current suite.</doc>
<msg timestamp="20210727 08:47:46.816" level="INFO">${_5a15} = 0 - 5</msg>
<status status="PASS" starttime="20210727 08:47:46.815" endtime="20210727 08:47:46.816"/>
</kw>
<kw name="Read Excel Cell" library="ExcelLibrary">
<var>${_15a50}</var>
<arg>${index}</arg>
<arg>2</arg>
<arg>radio</arg>
<doc>Returns content of a cell.</doc>
<msg timestamp="20210727 08:47:46.816" level="INFO">${_15a50} = 0 - 5</msg>
<status status="PASS" starttime="20210727 08:47:46.816" endtime="20210727 08:47:46.816"/>
</kw>
<kw name="Set Suite Variable" library="BuiltIn">
<arg>${_15a50}</arg>
<doc>Makes a variable available everywhere within the scope of the current suite.</doc>
<msg timestamp="20210727 08:47:46.816" level="INFO">${_15a50} = 0 - 5</msg>
<status status="PASS" starttime="20210727 08:47:46.816" endtime="20210727 08:47:46.816"/>
</kw>
<kw name="Read Excel Cell" library="ExcelLibrary">
<var>${_friday}</var>
<arg>${index}</arg>
<arg>1</arg>
<arg>seleccionar</arg>
<doc>Returns content of a cell.</doc>
<msg timestamp="20210727 08:47:46.816" level="INFO">${_friday} = Friday</msg>
<status status="PASS" starttime="20210727 08:47:46.816" endtime="20210727 08:47:46.816"/>
</kw>
<kw name="Set Suite Variable" library="BuiltIn">
<arg>${_friday}</arg>
<doc>Makes a variable available everywhere within the scope of the current suite.</doc>
<msg timestamp="20210727 08:47:46.817" level="INFO">${_friday} = Friday</msg>
<status status="PASS" starttime="20210727 08:47:46.816" endtime="20210727 08:47:46.817"/>
</kw>
<kw name="Read Excel Cell" library="ExcelLibrary">
<var>${_country}</var>
<arg>${index}</arg>
<arg>1</arg>
<arg>jquery1</arg>
<doc>Returns content of a cell.</doc>
<msg timestamp="20210727 08:47:46.817" level="INFO">${_country} = India</msg>
<status status="PASS" starttime="20210727 08:47:46.817" endtime="20210727 08:47:46.817"/>
</kw>
<kw name="Set Suite Variable" library="BuiltIn">
<arg>${_country}</arg>
<doc>Makes a variable available everywhere within the scope of the current suite.</doc>
<msg timestamp="20210727 08:47:46.817" level="INFO">${_country} = India</msg>
<status status="PASS" starttime="20210727 08:47:46.817" endtime="20210727 08:47:46.817"/>
</kw>
<kw name="Read Excel Cell" library="ExcelLibrary">
<var>${_state}</var>
<arg>${index}</arg>
<arg>2</arg>
<arg>jquery1</arg>
<doc>Returns content of a cell.</doc>
<msg timestamp="20210727 08:47:46.817" level="INFO">${_state} = 5</msg>
<status status="PASS" starttime="20210727 08:47:46.817" endtime="20210727 08:47:46.817"/>
</kw>
<kw name="Set Suite Variable" library="BuiltIn">
<arg>${_state}</arg>
<doc>Makes a variable available everywhere within the scope of the current suite.</doc>
<msg timestamp="20210727 08:47:46.818" level="INFO">${_state} = 5</msg>
<status status="PASS" starttime="20210727 08:47:46.817" endtime="20210727 08:47:46.818"/>
</kw>
<kw name="Read Excel Cell" library="ExcelLibrary">
<var>${_territories}</var>
<arg>${index}</arg>
<arg>3</arg>
<arg>jquery1</arg>
<doc>Returns content of a cell.</doc>
<msg timestamp="20210727 08:47:46.818" level="INFO">${_territories} = PR</msg>
<status status="PASS" starttime="20210727 08:47:46.818" endtime="20210727 08:47:46.818"/>
</kw>
<kw name="Set Suite Variable" library="BuiltIn">
<arg>${_territories}</arg>
<doc>Makes a variable available everywhere within the scope of the current suite.</doc>
<msg timestamp="20210727 08:47:46.818" level="INFO">${_territories} = PR</msg>
<status status="PASS" starttime="20210727 08:47:46.818" endtime="20210727 08:47:46.818"/>
</kw>
<kw name="Read Excel Cell" library="ExcelLibrary">
<var>${_state2}</var>
<arg>${index}</arg>
<arg>4</arg>
<arg>jquery1</arg>
<doc>Returns content of a cell.</doc>
<msg timestamp="20210727 08:47:46.819" level="INFO">${_state2} = 6</msg>
<status status="PASS" starttime="20210727 08:47:46.818" endtime="20210727 08:47:46.819"/>
</kw>
<kw name="Set Suite Variable" library="BuiltIn">
<arg>${_state2}</arg>
<doc>Makes a variable available everywhere within the scope of the current suite.</doc>
<msg timestamp="20210727 08:47:46.819" level="INFO">${_state2} = 6</msg>
<status status="PASS" starttime="20210727 08:47:46.819" endtime="20210727 08:47:46.819"/>
</kw>
<kw name="Read Excel Cell" library="ExcelLibrary">
<var>${_lenguaje}</var>
<arg>${index}</arg>
<arg>5</arg>
<arg>jquery1</arg>
<doc>Returns content of a cell.</doc>
<msg timestamp="20210727 08:47:46.819" level="INFO">${_lenguaje} = PHP</msg>
<status status="PASS" starttime="20210727 08:47:46.819" endtime="20210727 08:47:46.819"/>
</kw>
<kw name="Set Suite Variable" library="BuiltIn">
<arg>${_lenguaje}</arg>
<doc>Makes a variable available everywhere within the scope of the current suite.</doc>
<msg timestamp="20210727 08:47:46.820" level="INFO">${_lenguaje} = PHP</msg>
<status status="PASS" starttime="20210727 08:47:46.820" endtime="20210727 08:47:46.820"/>
</kw>
<kw name="Save Excel Document" library="ExcelLibrary">
<arg>${DATAFILE}</arg>
<doc>Saves the current document to disk.</doc>
<status status="PASS" starttime="20210727 08:47:46.820" endtime="20210727 08:47:46.848"/>
</kw>
<kw name="Close Current Excel Document" library="ExcelLibrary">
<doc>Closes current document.</doc>
<status status="PASS" starttime="20210727 08:47:46.848" endtime="20210727 08:47:46.849"/>
</kw>
<kw name="Log To Console" library="BuiltIn">
<arg>Input Data is:${_nombre},${_apellido},${_email},${_telefono},${_direccion},${_ciudad},${_codigo_postal},${_dominio},${_descripcion},${_mensaje},${_entrada_a},${_entrada_b},${_male},${_female},${_0a5},${_5a15},${_15a50},${_friday},${_country},${_state},${_territories},${_state2},${_lenguaje}</arg>
<doc>Logs the given message to the console.</doc>
<status status="PASS" starttime="20210727 08:47:46.849" endtime="20210727 08:47:46.850"/>
</kw>
<status status="PASS" starttime="20210727 08:47:46.787" endtime="20210727 08:47:46.850"/>
</kw>
<kw name="Ingresar munu formulario" library="menu">
<kw name="Wait Until Page Contains Element" library="SeleniumLibrary">
<arg>${_titulo}</arg>
<arg>300s</arg>
<doc>Waits until the element ``locator`` appears on the current page.</doc>
<status status="PASS" starttime="20210727 08:47:46.851" endtime="20210727 08:47:46.865"/>
</kw>
<kw name="Click Element" library="SeleniumLibrary">
<arg>${_menu_input_forms}</arg>
<doc>Click the element identified by ``locator``.</doc>
<msg timestamp="20210727 08:47:46.865" level="INFO">Clicking element '//a[text()="Input Forms"]'.</msg>
<status status="PASS" starttime="20210727 08:47:46.865" endtime="20210727 08:47:46.919"/>
</kw>
<kw name="Sleep" library="BuiltIn">
<arg>1s</arg>
<doc>Pauses the test executed for the given time.</doc>
<msg timestamp="20210727 08:47:47.930" level="INFO">Slept 1 second</msg>
<status status="PASS" starttime="20210727 08:47:46.919" endtime="20210727 08:47:47.930"/>
</kw>
<kw name="Click Element" library="SeleniumLibrary">
<arg>${_menu_simple_form_demo}</arg>
<doc>Click the element identified by ``locator``.</doc>
<msg timestamp="20210727 08:47:47.930" level="INFO">Clicking element '//*[@id="treemenu"]/li/ul/li[1]/ul/li[1]/a'.</msg>
<status status="PASS" starttime="20210727 08:47:47.930" endtime="20210727 08:48:18.983"/>
</kw>
<status status="PASS" starttime="20210727 08:47:46.850" endtime="20210727 08:48:18.983"/>
</kw>
<kw name="Ejemplo formulario" library="formulario">
<kw name="Wait Until Element Is Visible" library="SeleniumLibrary">
<arg>${_cerrar_ventana_emerjente}</arg>
<arg>30s</arg>
<doc>Waits until the element ``locator`` is visible.</doc>
<status status="PASS" starttime="20210727 08:48:18.983" endtime="20210727 08:48:19.885"/>
</kw>
<kw name="Click Element" library="SeleniumLibrary">
<arg>${_cerrar_ventana_emerjente}</arg>
<doc>Click the element identified by ``locator``.</doc>
<msg timestamp="20210727 08:48:19.885" level="INFO">Clicking element '//a[@id="at-cv-lightbox-close"]'.</msg>
<status status="PASS" starttime="20210727 08:48:19.885" endtime="20210727 08:48:19.937"/>
</kw>
<kw name="Wait Until Page Contains Element" library="SeleniumLibrary">
<arg>${_titulo_formulario1}</arg>
<doc>Waits until the element ``locator`` appears on the current page.</doc>
<status status="PASS" starttime="20210727 08:48:19.937" endtime="20210727 08:48:19.952"/>
</kw>
<kw name="Input Text" library="SeleniumLibrary">
<arg>${_input_formulario1}</arg>
<arg>${_mensaje}</arg>
<arg>True</arg>
<doc>Types the given ``text`` into the text field identified by ``locator``.</doc>
<msg timestamp="20210727 08:48:19.953" level="INFO">Typing text 'hola mundo' into text field '//input[@id="user-message"]'.</msg>
<status status="PASS" starttime="20210727 08:48:19.952" endtime="20210727 08:48:20.017"/>
</kw>
<kw name="Click Button" library="SeleniumLibrary">
<arg>${_boton_formulario1}</arg>
<doc>Clicks the button identified by ``locator``.</doc>
<msg timestamp="20210727 08:48:20.019" level="INFO">Clicking button '//button[@type="button" and text()="Show Message"]'.</msg>
<status status="PASS" starttime="20210727 08:48:20.018" endtime="20210727 08:48:20.067"/>
</kw>
<kw name="Scroll Element Into View" library="SeleniumLibrary">
<arg>${_titulo_formulario2}</arg>
<doc>Scrolls the element identified by ``locator`` into view.</doc>
<status status="PASS" starttime="20210727 08:48:20.067" endtime="20210727 08:48:20.347"/>
</kw>
<kw name="Input Text" library="SeleniumLibrary">
<arg>${_input1_formulario2}</arg>
<arg>${_entrada_a}</arg>
<arg>True</arg>
<doc>Types the given ``text`` into the text field identified by ``locator``.</doc>
<msg timestamp="20210727 08:48:20.348" level="INFO">Typing text '5' into text field '//input[@id="sum1"]'.</msg>
<status status="PASS" starttime="20210727 08:48:20.347" endtime="20210727 08:48:20.414"/>
</kw>
<kw name="Input Text" library="SeleniumLibrary">
<arg>${_input2_formulario2}</arg>
<arg>${_entrada_b}</arg>
<arg>True</arg>
<doc>Types the given ``text`` into the text field identified by ``locator``.</doc>
<msg timestamp="20210727 08:48:20.414" level="INFO">Typing text '5' into text field '//input[@id="sum2"]'.</msg>
<status status="PASS" starttime="20210727 08:48:20.414" endtime="20210727 08:48:20.512"/>
</kw>
<kw name="Click Button" library="SeleniumLibrary">
<arg>${_boton_formulario2}</arg>
<doc>Clicks the button identified by ``locator``.</doc>
<msg timestamp="20210727 08:48:20.512" level="INFO">Clicking button '//button[text()="Get Total"]'.</msg>
<status status="PASS" starttime="20210727 08:48:20.512" endtime="20210727 08:48:20.578"/>
</kw>
<kw name="Execute Javascript" library="SeleniumLibrary">
<arg>window.scrollBy(0,-document.body.scrollHeight)</arg>
<doc>Executes the given JavaScript code with possible arguments.</doc>
<msg timestamp="20210727 08:48:20.578" level="INFO">Executing JavaScript:
window.scrollBy(0,-document.body.scrollHeight)
Without any arguments.</msg>
<status status="PASS" starttime="20210727 08:48:20.578" endtime="20210727 08:48:20.583"/>
</kw>
<status status="PASS" starttime="20210727 08:48:18.983" endtime="20210727 08:48:20.583"/>
</kw>
<kw name="Ingresar menu 3" library="menu">
<kw name="Click Element" library="SeleniumLibrary">
<arg>${_menu_input_forms}</arg>
<doc>Click the element identified by ``locator``.</doc>
<msg timestamp="20210727 08:48:20.585" level="INFO">Clicking element '//a[text()="Input Forms"]'.</msg>
<status status="PASS" starttime="20210727 08:48:20.584" endtime="20210727 08:48:20.630"/>
</kw>
<kw name="Sleep" library="BuiltIn">
<arg>1s</arg>
<doc>Pauses the test executed for the given time.</doc>
<msg timestamp="20210727 08:48:21.637" level="INFO">Slept 1 second</msg>
<status status="PASS" starttime="20210727 08:48:20.631" endtime="20210727 08:48:21.637"/>
</kw>
<kw name="Click Element" library="SeleniumLibrary">
<arg>${_menu_input_form_submit}</arg>
<doc>Click the element identified by ``locator``.</doc>
<msg timestamp="20210727 08:48:21.637" level="INFO">Clicking element '//*[@id="treemenu"]/li/ul/li[1]/ul/li[5]/a'.</msg>
<status status="PASS" starttime="20210727 08:48:21.637" endtime="20210727 08:48:22.163"/>
</kw>
<status status="PASS" starttime="20210727 08:48:20.584" endtime="20210727 08:48:22.164"/>
</kw>
<kw name="Ejemplo formulario3" library="formulario3">
<kw name="Wait Until Page Contains Element" library="SeleniumLibrary">
<arg>${_titulo_formulario3}</arg>
<arg>3s</arg>
<doc>Waits until the element ``locator`` appears on the current page.</doc>
<status status="PASS" starttime="20210727 08:48:22.165" endtime="20210727 08:48:22.180"/>
</kw>
<kw name="Sleep" library="BuiltIn">
<arg>1s</arg>
<doc>Pauses the test executed for the given time.</doc>
<msg timestamp="20210727 08:48:23.188" level="INFO">Slept 1 second</msg>
<status status="PASS" starttime="20210727 08:48:22.180" endtime="20210727 08:48:23.189"/>
</kw>
<kw name="Input Text" library="SeleniumLibrary">
<arg>${_input1_nombre_formulario3}</arg>
<arg>${_nombre}</arg>
<arg>True</arg>
<doc>Types the given ``text`` into the text field identified by ``locator``.</doc>
<msg timestamp="20210727 08:48:23.189" level="INFO">Typing text 'Jorge' into text field '//input[@name="first_name"]'.</msg>
<status status="PASS" starttime="20210727 08:48:23.189" endtime="20210727 08:48:23.286"/>
</kw>
<kw name="Input Text" library="SeleniumLibrary">
<arg>${_input2_apellido_formulario3}</arg>
<arg>${_apellido}</arg>
<arg>True</arg>
<doc>Types the given ``text`` into the text field identified by ``locator``.</doc>
<msg timestamp="20210727 08:48:23.287" level="INFO">Typing text 'Huertas' into text field '//input[@name="last_name"]'.</msg>
<status status="PASS" starttime="20210727 08:48:23.286" endtime="20210727 08:48:23.385"/>
</kw>
<kw name="Input Text" library="SeleniumLibrary">
<arg>${_input3_email_formulario3}</arg>
<arg>${_email}</arg>
<arg>True</arg>
<doc>Types the given ``text`` into the text field identified by ``locator``.</doc>
<msg timestamp="20210727 08:48:23.386" level="INFO">Typing text 'jorge.huertas@neoris.com' into text field '//input[@name="email"]'.</msg>
<status status="PASS" starttime="20210727 08:48:23.385" endtime="20210727 08:48:23.544"/>
</kw>
<kw name="Input Text" library="SeleniumLibrary">
<arg>${_input4_telefono_formulario3}</arg>
<arg>${_telefono}</arg>
<arg>True</arg>
<doc>Types the given ``text`` into the text field identified by ``locator``.</doc>
<msg timestamp="20210727 08:48:23.545" level="INFO">Typing text '3192564377' into text field '//input[@name="phone"]'.</msg>
<status status="PASS" starttime="20210727 08:48:23.544" endtime="20210727 08:48:23.657"/>
</kw>
<kw name="Input Text" library="SeleniumLibrary">
<arg>${_input5_direccion_formulario3}</arg>
<arg>${_direccion}</arg>
<arg>True</arg>
<doc>Types the given ``text`` into the text field identified by ``locator``.</doc>
<msg timestamp="20210727 08:48:23.658" level="INFO">Typing text 'Calle 130 d 124 - 24' into text field '//input[@name="address"]'.</msg>
<status status="PASS" starttime="20210727 08:48:23.658" endtime="20210727 08:48:23.801"/>
</kw>
<kw name="Input Text" library="SeleniumLibrary">
<arg>${_input6_ciudad_formulario3}</arg>
<arg>${_ciudad}</arg>
<arg>True</arg>
<doc>Types the given ``text`` into the text field identified by ``locator``.</doc>
<msg timestamp="20210727 08:48:23.801" level="INFO">Typing text 'Bogota' into text field '//input[@name="city"]'.</msg>
<status status="PASS" starttime="20210727 08:48:23.801" endtime="20210727 08:48:23.886"/>
</kw>
<kw name="Select From List By Label" library="SeleniumLibrary">
<arg>${_select_formulario3}</arg>
<arg>Colorado</arg>
<doc>Selects options from selection list ``locator`` by ``labels``.</doc>
<msg timestamp="20210727 08:48:23.887" level="INFO">Selecting options from selection list '//Select[@name="state"]' by label Colorado.</msg>
<status status="PASS" starttime="20210727 08:48:23.886" endtime="20210727 08:48:23.954"/>
</kw>
<kw name="Input Text" library="SeleniumLibrary">
<arg>${_input7_zip_formulario3}</arg>
<arg>${_codigo_postal}</arg>
<arg>True</arg>
<doc>Types the given ``text`` into the text field identified by ``locator``.</doc>
<msg timestamp="20210727 08:48:23.955" level="INFO">Typing text '11001' into text field '//input[@name="zip"]'.</msg>
<status status="PASS" starttime="20210727 08:48:23.955" endtime="20210727 08:48:24.040"/>
</kw>
<kw name="Input Text" library="SeleniumLibrary">
<arg>${_input8_website_formulario3}</arg>
<arg>${_dominio}</arg>
<arg>True</arg>
<doc>Types the given ``text`` into the text field identified by ``locator``.</doc>
<msg timestamp="20210727 08:48:24.043" level="INFO">Typing text 'https://demoqa.com/automation-practice-form' into text field '//input[@name="website"]'.</msg>
<status status="PASS" starttime="20210727 08:48:24.041" endtime="20210727 08:48:24.147"/>
</kw>
<kw name="Select Radio Button" library="SeleniumLibrary">
<arg>${_radio_hosting}</arg>
<arg>yes</arg>
<doc>Sets the radio button group ``group_name`` to ``value``.</doc>
<msg timestamp="20210727 08:48:24.149" level="INFO">Selecting 'yes' from radio button 'hosting'.</msg>
<status status="PASS" starttime="20210727 08:48:24.148" endtime="20210727 08:48:24.227"/>
</kw>
<kw name="Input Text" library="SeleniumLibrary">
<arg>${_textarea_comentarios_formulario3}</arg>
<arg>${_descripcion}</arg>
<arg>True</arg>
<doc>Types the given ``text`` into the text field identified by ``locator``.</doc>
<msg timestamp="20210727 08:48:24.227" level="INFO">Typing text 'Capacitacion robot' into text field '//textarea[@name="comment"]'.</msg>
<status status="PASS" starttime="20210727 08:48:24.227" endtime="20210727 08:48:24.361"/>
</kw>
<kw name="Click Button" library="SeleniumLibrary">
<arg>${_button_send_formulario3}</arg>
<doc>Clicks the button identified by ``locator``.</doc>
<msg timestamp="20210727 08:48:24.361" level="INFO">Clicking button '//button[text()="Send "]'.</msg>
<status status="PASS" starttime="20210727 08:48:24.361" endtime="20210727 08:48:24.419"/>
</kw>
<kw name="Sleep" library="BuiltIn">
<arg>1s</arg>
<doc>Pauses the test executed for the given time.</doc>
<msg timestamp="20210727 08:48:25.423" level="INFO">Slept 1 second</msg>
<status status="PASS" starttime="20210727 08:48:24.419" endtime="20210727 08:48:25.423"/>
</kw>
<kw name="Execute Javascript" library="SeleniumLibrary">
<arg>window.scrollBy(0,-document.body.scrollHeight)</arg>
<doc>Executes the given JavaScript code with possible arguments.</doc>
<msg timestamp="20210727 08:48:25.424" level="INFO">Executing JavaScript:
window.scrollBy(0,-document.body.scrollHeight)
Without any arguments.</msg>
<status status="PASS" starttime="20210727 08:48:25.424" endtime="20210727 08:48:25.429"/>
</kw>
<status status="PASS" starttime="20210727 08:48:22.164" endtime="20210727 08:48:25.429"/>
</kw>
<kw name="Ingresar checkbox" library="menu">
<kw name="Click Element" library="SeleniumLibrary">
<arg>${_menu_input_forms}</arg>
<doc>Click the element identified by ``locator``.</doc>
<msg timestamp="20210727 08:48:25.429" level="INFO">Clicking element '//a[text()="Input Forms"]'.</msg>
<status status="PASS" starttime="20210727 08:48:25.429" endtime="20210727 08:48:25.460"/>
</kw>
<kw name="Sleep" library="BuiltIn">
<arg>1s</arg>
<doc>Pauses the test executed for the given time.</doc>
<msg timestamp="20210727 08:48:26.462" level="INFO">Slept 1 second</msg>
<status status="PASS" starttime="20210727 08:48:25.460" endtime="20210727 08:48:26.462"/>
</kw>
<kw name="Click Element" library="SeleniumLibrary">
<arg>${_menu_checkbox_demo}</arg>
<doc>Click the element identified by ``locator``.</doc>
<msg timestamp="20210727 08:48:26.462" level="INFO">Clicking element '//body/div[2]/div[1]/div[1]/div[1]/div[2]/ul[1]/li[1]/ul[1]/li[1]/ul[1]/li[2]/a[1]'.</msg>
<status status="PASS" starttime="20210727 08:48:26.462" endtime="20210727 08:48:28.118"/>
</kw>
<status status="PASS" starttime="20210727 08:48:25.429" endtime="20210727 08:48:28.119"/>
</kw>
<kw name="Checkbox demo" library="checkbox">
<kw name="Wait Until Page Contains Element" library="SeleniumLibrary">
<arg>${_titulo_checkbox}</arg>
<arg>3s</arg>
<doc>Waits until the element ``locator`` appears on the current page.</doc>
<status status="PASS" starttime="20210727 08:48:28.119" endtime="20210727 08:48:28.133"/>
</kw>
<kw name="Sleep" library="BuiltIn">
<arg>1s</arg>
<doc>Pauses the test executed for the given time.</doc>
<msg timestamp="20210727 08:48:29.135" level="INFO">Slept 1 second</msg>
<status status="PASS" starttime="20210727 08:48:28.133" endtime="20210727 08:48:29.135"/>
</kw>
<kw name="Select Checkbox" library="SeleniumLibrary">
<arg>${_single_checkbox}</arg>
<doc>Selects the checkbox identified by ``locator``.</doc>
<msg timestamp="20210727 08:48:29.135" level="INFO">Selecting checkbox '//input[@id='isAgeSelected']'.</msg>
<status status="PASS" starttime="20210727 08:48:29.135" endtime="20210727 08:48:29.192"/>
</kw>
<kw name="Select Checkbox" library="SeleniumLibrary">
<arg>${_multiple_checkbox_opcion1}</arg>
<doc>Selects the checkbox identified by ``locator``.</doc>
<msg timestamp="20210727 08:48:29.194" level="INFO">Selecting checkbox '//label[text()="Option 1"]/input'.</msg>
<status status="PASS" starttime="20210727 08:48:29.192" endtime="20210727 08:48:29.256"/>
</kw>
<kw name="Select Checkbox" library="SeleniumLibrary">
<arg>${_multiple_checkbox_opcion2}</arg>
<doc>Selects the checkbox identified by ``locator``.</doc>
<msg timestamp="20210727 08:48:29.258" level="INFO">Selecting checkbox '//label[text()="Option 2"]/input'.</msg>
<status status="PASS" starttime="20210727 08:48:29.257" endtime="20210727 08:48:29.303"/>
</kw>
<kw name="Click Button" library="SeleniumLibrary">
<arg>${_boton_checkbox}</arg>
<doc>Clicks the button identified by ``locator``.</doc>
<msg timestamp="20210727 08:48:29.303" level="INFO">Clicking button '//input[@id='check1']'.</msg>
<status status="PASS" starttime="20210727 08:48:29.303" endtime="20210727 08:48:29.342"/>
</kw>
<kw name="Sleep" library="BuiltIn">
<arg>1s</arg>
<doc>Pauses the test executed for the given time.</doc>
<msg timestamp="20210727 08:48:30.359" level="INFO">Slept 1 second</msg>
<status status="PASS" starttime="20210727 08:48:29.342" endtime="20210727 08:48:30.359"/>
</kw>
<kw name="Click Button" library="SeleniumLibrary">
<arg>${_boton_checkbox}</arg>
<doc>Clicks the button identified by ``locator``.</doc>
<msg timestamp="20210727 08:48:30.359" level="INFO">Clicking button '//input[@id='check1']'.</msg>
<status status="PASS" starttime="20210727 08:48:30.359" endtime="20210727 08:48:30.383"/>
</kw>
<kw name="Sleep" library="BuiltIn">
<arg>1s</arg>
<doc>Pauses the test executed for the given time.</doc>
<msg timestamp="20210727 08:48:31.395" level="INFO">Slept 1 second</msg>
<status status="PASS" starttime="20210727 08:48:30.384" endtime="20210727 08:48:31.395"/>
</kw>
<status status="PASS" starttime="20210727 08:48:28.119" endtime="20210727 08:48:31.395"/>
</kw>
<kw name="Ingresar radio buttons" library="menu">
<kw name="Click Element" library="SeleniumLibrary">
<arg>${_menu_input_forms}</arg>
<doc>Click the element identified by ``locator``.</doc>
<msg timestamp="20210727 08:48:31.396" level="INFO">Clicking element '//a[text()="Input Forms"]'.</msg>
<status status="PASS" starttime="20210727 08:48:31.396" endtime="20210727 08:48:31.433"/>
</kw>
<kw name="Sleep" library="BuiltIn">
<arg>1s</arg>
<doc>Pauses the test executed for the given time.</doc>
<msg timestamp="20210727 08:48:32.447" level="INFO">Slept 1 second</msg>
<status status="PASS" starttime="20210727 08:48:31.433" endtime="20210727 08:48:32.447"/>
</kw>
<kw name="Click Element" library="SeleniumLibrary">
<arg>${_menu_radio_buttons}</arg>
<doc>Click the element identified by ``locator``.</doc>
<msg timestamp="20210727 08:48:32.448" level="INFO">Clicking element '//body/div[@id='easycont']/div[1]/div[1]/div[1]/div[2]/ul[1]/li[1]/ul[1]/li[1]/ul[1]/li[3]/a[1]'.</msg>
<status status="PASS" starttime="20210727 08:48:32.447" endtime="20210727 08:48:32.649"/>
</kw>
<status status="PASS" starttime="20210727 08:48:31.395" endtime="20210727 08:48:32.649"/>
</kw>
<kw name="Radio button demo" library="radio_buttons">
<kw name="Wait Until Page Contains Element" library="SeleniumLibrary">
<arg>${_titulo_radio_buttons}</arg>
<arg>3s</arg>
<doc>Waits until the element ``locator`` appears on the current page.</doc>
<status status="PASS" starttime="20210727 08:48:32.650" endtime="20210727 08:48:32.663"/>
</kw>
<kw name="Sleep" library="BuiltIn">
<arg>1s</arg>
<doc>Pauses the test executed for the given time.</doc>
<msg timestamp="20210727 08:48:33.676" level="INFO">Slept 1 second</msg>
<status status="PASS" starttime="20210727 08:48:32.663" endtime="20210727 08:48:33.676"/>
</kw>
<kw name="Select Radio Button" library="SeleniumLibrary">
<arg>${_radio_optradio}</arg>
<arg>${_female}</arg>
<doc>Sets the radio button group ``group_name`` to ``value``.</doc>
<msg timestamp="20210727 08:48:33.676" level="INFO">Selecting 'Male' from radio button 'optradio'.</msg>
<status status="PASS" starttime="20210727 08:48:33.676" endtime="20210727 08:48:33.724"/>
</kw>
<kw name="Click Button" library="SeleniumLibrary">
<arg>${_boton_radio_optradio}</arg>
<doc>Clicks the button identified by ``locator``.</doc>
<msg timestamp="20210727 08:48:33.725" level="INFO">Clicking button '//button[@id='buttoncheck']'.</msg>
<status status="PASS" starttime="20210727 08:48:33.724" endtime="20210727 08:48:33.762"/>
</kw>
<kw name="Sleep" library="BuiltIn">
<arg>2s</arg>
<doc>Pauses the test executed for the given time.</doc>
<msg timestamp="20210727 08:48:35.771" level="INFO">Slept 2 seconds</msg>
<status status="PASS" starttime="20210727 08:48:33.762" endtime="20210727 08:48:35.772"/>
</kw>
<kw name="Select Radio Button" library="SeleniumLibrary">
<arg>${_radio_optradio}</arg>
<arg>${_male}</arg>
<doc>Sets the radio button group ``group_name`` to ``value``.</doc>
<msg timestamp="20210727 08:48:35.772" level="INFO">Selecting 'Male' from radio button 'optradio'.</msg>
<status status="PASS" starttime="20210727 08:48:35.772" endtime="20210727 08:48:35.791"/>
</kw>
<kw name="Click Button" library="SeleniumLibrary">
<arg>${_boton_radio_optradio}</arg>
<doc>Clicks the button identified by ``locator``.</doc>
<msg timestamp="20210727 08:48:35.792" level="INFO">Clicking button '//button[@id='buttoncheck']'.</msg>
<status status="PASS" starttime="20210727 08:48:35.791" endtime="20210727 08:48:35.822"/>
</kw>
<kw name="Execute Javascript" library="SeleniumLibrary">
<arg>window.scrollBy(0,document.body.scrollHeight)</arg>
<doc>Executes the given JavaScript code with possible arguments.</doc>
<msg timestamp="20210727 08:48:35.823" level="INFO">Executing JavaScript:
window.scrollBy(0,document.body.scrollHeight)
Without any arguments.</msg>
<status status="PASS" starttime="20210727 08:48:35.822" endtime="20210727 08:48:35.827"/>
</kw>
<kw name="Sleep" library="BuiltIn">
<arg>2s</arg>
<doc>Pauses the test executed for the given time.</doc>
<msg timestamp="20210727 08:48:37.831" level="INFO">Slept 2 seconds</msg>
<status status="PASS" starttime="20210727 08:48:35.827" endtime="20210727 08:48:37.831"/>
</kw>
<kw name="Select Radio Button" library="SeleniumLibrary">
<arg>${_radio_gender}</arg>
<arg>${_male}</arg>
<doc>Sets the radio button group ``group_name`` to ``value``.</doc>
<msg timestamp="20210727 08:48:37.832" level="INFO">Selecting 'Male' from radio button 'gender'.</msg>
<status status="PASS" starttime="20210727 08:48:37.831" endtime="20210727 08:48:37.882"/>
</kw>
<kw name="Select Radio Button" library="SeleniumLibrary">
<arg>${_radio_ageGroup}</arg>
<arg>${_0a5}</arg>
<doc>Sets the radio button group ``group_name`` to ``value``.</doc>
<msg timestamp="20210727 08:48:37.882" level="INFO">Selecting '0 - 5' from radio button 'ageGroup'.</msg>
<kw name="Capture Page Screenshot" library="SeleniumLibrary">
<doc>Takes a screenshot of the current page and embeds it into a log file.</doc>
<msg timestamp="20210727 08:48:38.030" level="INFO" html="true">&lt;/td&gt;&lt;/tr&gt;&lt;tr&gt;&lt;td colspan="3"&gt;&lt;a href="selenium-screenshot-36.png"&gt;&lt;img src="selenium-screenshot-36.png" width="800px"&gt;&lt;/a&gt;</msg>
<status status="PASS" starttime="20210727 08:48:37.891" endtime="20210727 08:48:38.030"/>
</kw>
<msg timestamp="20210727 08:48:38.032" level="FAIL">No radio button with name 'ageGroup' and value '0 - 5' found.</msg>
<status status="FAIL" starttime="20210727 08:48:37.882" endtime="20210727 08:48:38.032"/>
</kw>
<kw name="Click Button" library="SeleniumLibrary">
<arg>${_boton_groupr_radio}</arg>
<doc>Clicks the button identified by ``locator``.</doc>
<status status="NOT RUN" starttime="20210727 08:48:38.032" endtime="20210727 08:48:38.032"/>
</kw>
<kw name="Sleep" library="BuiltIn">
<arg>1s</arg>
<doc>Pauses the test executed for the given time.</doc>
<status status="NOT RUN" starttime="20210727 08:48:38.033" endtime="20210727 08:48:38.033"/>
</kw>
<status status="FAIL" starttime="20210727 08:48:32.650" endtime="20210727 08:48:38.033"/>
</kw>
<kw name="Ingresar select list" library="menu">
<status status="NOT RUN" starttime="20210727 08:48:38.033" endtime="20210727 08:48:38.033"/>
</kw>
<kw name="Select list" library="select_list">
<status status="NOT RUN" starttime="20210727 08:48:38.033" endtime="20210727 08:48:38.033"/>
</kw>
<kw name="Ingresar ajax" library="menu">
<status status="NOT RUN" starttime="20210727 08:48:38.033" endtime="20210727 08:48:38.034"/>
</kw>
<kw name="Ajax" library="ajax">
<status status="NOT RUN" starttime="20210727 08:48:38.034" endtime="20210727 08:48:38.034"/>
</kw>
<kw name="Ingresar jquery" library="menu">
<status status="NOT RUN" starttime="20210727 08:48:38.034" endtime="20210727 08:48:38.034"/>
</kw>
<kw name="JQuery" library="jquery">
<status status="NOT RUN" starttime="20210727 08:48:38.034" endtime="20210727 08:48:38.034"/>
</kw>
<status status="FAIL" starttime="20210727 08:47:42.511" endtime="20210727 08:48:38.034"/>
</iter>
<status status="FAIL" starttime="20210727 08:47:42.510" endtime="20210727 08:48:38.034"/>
</for>
<status status="FAIL" starttime="20210727 08:47:42.461" endtime="20210727 08:48:38.035">No radio button with name 'ageGroup' and value '0 - 5' found.</status>
</test>
<status status="FAIL" starttime="20210727 08:47:42.034" endtime="20210727 08:48:38.037"/>
</suite>
<statistics>
<total>
<stat pass="0" fail="1" skip="0">All Tests</stat>
</total>
<tag>
</tag>
<suite>
<stat pass="0" fail="1" skip="0" id="s1" name="Main">Main</stat>
</suite>
</statistics>
<errors>
<msg timestamp="20210727 08:47:42.458" level="ERROR">Error in file 'C:\Users\joan.arevalo\Documents\Testing\TRAINING\Pruebas\proyectos\keywords\common\excel.module.resource' on line 2: Resource file '..\loadcomponents.resource' does not exist.</msg>
</errors>
</robot>
